d:\current\lbd_vs19\lbd_vs19\lbd_webapiinterface\ilbd_webapiinterface\debug\ilbd_webapiinterface.pch
d:\current\lbd_vs19\lbd_vs19\lbd_webapiinterface\ilbd_webapiinterface\debug\vc142.pdb
d:\current\lbd_vs19\lbd_vs19\lbd_webapiinterface\ilbd_webapiinterface\debug\pch.obj
d:\current\lbd_vs19\lbd_vs19\lbd_webapiinterface\ilbd_webapiinterface\debug\instance.obj
d:\current\lbd_vs19\lbd_vs19\lbd_webapiinterface\ilbd_webapiinterface\debug\iteachinfo.obj
d:\current\lbd_vs19\lbd_vs19\lbd_webapiinterface\ilbd_webapiinterface\debug\assemblyinfo.obj
d:\current\lbd_vs19\lbd_vs19\lbd_webapiinterface\ilbd_webapiinterface\debug\.netframework,version=v4.7.2.assemblyattributes.obj
d:\current\lbd_vs19\lbd_vs19\release\ilbd_webapiinterface.lib
d:\current\lbd_vs19\lbd_vs19\release\ilbd_webapiinterface.exp
d:\current\lbd_vs19\lbd_vs19\release\ilbd_webapiinterface.dll
d:\current\lbd_vs19\lbd_vs19\release\ilbd_webapiinterface.pdb
d:\current\lbd_vs19\lbd_vs19\lbd_webapiinterface\ilbd_webapiinterface\debug\ilbd_web.05dbb28b.tlog\metagen.write.1.tlog
d:\current\lbd_vs19\lbd_vs19\lbd_webapiinterface\ilbd_webapiinterface\debug\app.res
d:\current\lbd_vs19\lbd_vs19\lbd_webapiinterface\ilbd_webapiinterface\debug\ilbd_web.05dbb28b.tlog\cl.command.1.tlog
d:\current\lbd_vs19\lbd_vs19\lbd_webapiinterface\ilbd_webapiinterface\debug\ilbd_web.05dbb28b.tlog\cl.read.1.tlog
d:\current\lbd_vs19\lbd_vs19\lbd_webapiinterface\ilbd_webapiinterface\debug\ilbd_web.05dbb28b.tlog\cl.write.1.tlog
d:\current\lbd_vs19\lbd_vs19\lbd_webapiinterface\ilbd_webapiinterface\debug\ilbd_web.05dbb28b.tlog\ilbd_webapiinterface.write.1u.tlog
d:\current\lbd_vs19\lbd_vs19\lbd_webapiinterface\ilbd_webapiinterface\debug\ilbd_web.05dbb28b.tlog\link.command.1.tlog
d:\current\lbd_vs19\lbd_vs19\lbd_webapiinterface\ilbd_webapiinterface\debug\ilbd_web.05dbb28b.tlog\link.read.1.tlog
d:\current\lbd_vs19\lbd_vs19\lbd_webapiinterface\ilbd_webapiinterface\debug\ilbd_web.05dbb28b.tlog\link.write.1.tlog
d:\current\lbd_vs19\lbd_vs19\lbd_webapiinterface\ilbd_webapiinterface\debug\ilbd_web.05dbb28b.tlog\metagen.read.1.tlog
d:\current\lbd_vs19\lbd_vs19\lbd_webapiinterface\ilbd_webapiinterface\debug\ilbd_web.05dbb28b.tlog\rc.command.1.tlog
d:\current\lbd_vs19\lbd_vs19\lbd_webapiinterface\ilbd_webapiinterface\debug\ilbd_web.05dbb28b.tlog\rc.read.1.tlog
d:\current\lbd_vs19\lbd_vs19\lbd_webapiinterface\ilbd_webapiinterface\debug\ilbd_web.05dbb28b.tlog\rc.write.1.tlog
d:\current\lbd_vs19\lbd_vs19\lbd_webapiinterface\ilbd_webapiinterface\debug\ilbd_web.05dbb28b.tlog\lbd_webapiinterface.dll.metagen
